<?xml version="1.0" encoding="UTF-8"?>
<coverage generated="1740609665898" clover="3.2.0">
  <project timestamp="1740609665898" name="All files">
    <metrics statements="70" coveredstatements="49" conditionals="10" coveredconditionals="4" methods="20" coveredmethods="11" elements="100" coveredelements="64" complexity="0" loc="70" ncloc="70" packages="7" files="9" classes="9"/>
    <package name="src">
      <metrics statements="12" coveredstatements="12" conditionals="0" coveredconditionals="0" methods="4" coveredmethods="4"/>
      <file name="PrismaService.ts" path="C:\Users\AO PC\Documents\test\test\hdm-todo-test-api\src\PrismaService.ts">
        <metrics statements="7" coveredstatements="7" conditionals="0" coveredconditionals="0" methods="2" coveredmethods="2"/>
        <line num="1" count="1" type="stmt"/>
        <line num="2" count="1" type="stmt"/>
        <line num="3" count="1" type="stmt"/>
        <line num="6" count="1" type="stmt"/>
        <line num="7" count="2" type="stmt"/>
        <line num="8" count="2" type="stmt"/>
        <line num="24" count="2" type="stmt"/>
      </file>
      <file name="ServiceFactory.ts" path="C:\Users\AO PC\Documents\test\test\hdm-todo-test-api\src\ServiceFactory.ts">
        <metrics statements="5" coveredstatements="5" conditionals="0" coveredconditionals="0" methods="2" coveredmethods="2"/>
        <line num="1" count="1" type="stmt"/>
        <line num="3" count="1" type="stmt"/>
        <line num="7" count="1" type="stmt"/>
        <line num="8" count="2" type="stmt"/>
        <line num="11" count="2" type="stmt"/>
      </file>
    </package>
    <package name="src.Controllers">
      <metrics statements="16" coveredstatements="14" conditionals="0" coveredconditionals="0" methods="5" coveredmethods="3"/>
      <file name="TaskController.ts" path="C:\Users\AO PC\Documents\test\test\hdm-todo-test-api\src\Controllers\TaskController.ts">
        <metrics statements="16" coveredstatements="14" conditionals="0" coveredconditionals="0" methods="5" coveredmethods="3"/>
        <line num="1" count="1" type="stmt"/>
        <line num="3" count="1" type="stmt"/>
        <line num="4" count="1" type="stmt"/>
        <line num="5" count="1" type="stmt"/>
        <line num="6" count="1" type="stmt"/>
        <line num="7" count="1" type="stmt"/>
        <line num="10" count="1" type="stmt"/>
        <line num="12" count="2" type="stmt"/>
        <line num="15" count="1" type="stmt"/>
        <line num="16" count="0" type="stmt"/>
        <line num="40" count="1" type="stmt"/>
        <line num="42" count="1" type="stmt"/>
        <line num="47" count="1" type="stmt"/>
        <line num="49" count="1" type="stmt"/>
        <line num="53" count="1" type="stmt"/>
        <line num="54" count="0" type="stmt"/>
      </file>
    </package>
    <package name="src.Repositories">
      <metrics statements="15" coveredstatements="7" conditionals="7" coveredconditionals="2" methods="4" coveredmethods="2"/>
      <file name="TaskRepository.ts" path="C:\Users\AO PC\Documents\test\test\hdm-todo-test-api\src\Repositories\TaskRepository.ts">
        <metrics statements="15" coveredstatements="7" conditionals="7" coveredconditionals="2" methods="4" coveredmethods="2"/>
        <line num="1" count="1" type="stmt"/>
        <line num="2" count="1" type="stmt"/>
        <line num="6" count="1" type="stmt"/>
        <line num="7" count="2" type="stmt"/>
        <line num="10" count="0" type="stmt"/>
        <line num="14" count="0" type="stmt"/>
        <line num="15" count="0" type="stmt"/>
        <line num="21" count="3" type="cond" truecount="1" falsecount="1"/>
        <line num="23" count="3" type="stmt"/>
        <line num="24" count="3" type="stmt"/>
        <line num="31" count="0" type="stmt"/>
        <line num="33" count="0" type="cond" truecount="0" falsecount="1"/>
        <line num="34" count="0" type="stmt"/>
        <line num="38" count="0" type="stmt"/>
        <line num="39" count="0" type="stmt"/>
      </file>
    </package>
    <package name="src.UseCase">
      <metrics statements="3" coveredstatements="3" conditionals="0" coveredconditionals="0" methods="0" coveredmethods="0"/>
      <file name="UseCaseFactory.ts" path="C:\Users\AO PC\Documents\test\test\hdm-todo-test-api\src\UseCase\UseCaseFactory.ts">
        <metrics statements="3" coveredstatements="3" conditionals="0" coveredconditionals="0" methods="0" coveredmethods="0"/>
        <line num="1" count="1" type="stmt"/>
        <line num="2" count="1" type="stmt"/>
        <line num="11" count="1" type="stmt"/>
      </file>
    </package>
    <package name="src.UseCase.DeleteTask">
      <metrics statements="8" coveredstatements="3" conditionals="0" coveredconditionals="0" methods="2" coveredmethods="0"/>
      <file name="DeleteTask.ts" path="C:\Users\AO PC\Documents\test\test\hdm-todo-test-api\src\UseCase\DeleteTask\DeleteTask.ts">
        <metrics statements="8" coveredstatements="3" conditionals="0" coveredconditionals="0" methods="2" coveredmethods="0"/>
        <line num="1" count="1" type="stmt"/>
        <line num="3" count="1" type="stmt"/>
        <line num="6" count="1" type="stmt"/>
        <line num="9" count="0" type="stmt"/>
        <line num="12" count="0" type="stmt"/>
        <line num="13" count="0" type="stmt"/>
        <line num="15" count="0" type="stmt"/>
        <line num="17" count="0" type="stmt"/>
      </file>
    </package>
    <package name="src.UseCase.GetAllTasks">
      <metrics statements="7" coveredstatements="3" conditionals="0" coveredconditionals="0" methods="2" coveredmethods="0"/>
      <file name="GetAllTasksUseCase.ts" path="C:\Users\AO PC\Documents\test\test\hdm-todo-test-api\src\UseCase\GetAllTasks\GetAllTasksUseCase.ts">
        <metrics statements="7" coveredstatements="3" conditionals="0" coveredconditionals="0" methods="2" coveredmethods="0"/>
        <line num="1" count="1" type="stmt"/>
        <line num="4" count="1" type="stmt"/>
        <line num="7" count="1" type="stmt"/>
        <line num="10" count="0" type="stmt"/>
        <line num="13" count="0" type="stmt"/>
        <line num="14" count="0" type="stmt"/>
        <line num="16" count="0" type="stmt"/>
      </file>
    </package>
    <package name="src.UseCase.SaveTask">
      <metrics statements="9" coveredstatements="7" conditionals="3" coveredconditionals="2" methods="3" coveredmethods="2"/>
      <file name="SaveTaskDto.ts" path="C:\Users\AO PC\Documents\test\test\hdm-todo-test-api\src\UseCase\SaveTask\SaveTaskDto.ts">
        <metrics statements="2" coveredstatements="1" conditionals="0" coveredconditionals="0" methods="1" coveredmethods="0"/>
        <line num="1" count="1" type="stmt"/>
        <line num="3" count="0" type="stmt"/>
      </file>
      <file name="SaveTaskUseCase.ts" path="C:\Users\AO PC\Documents\test\test\hdm-todo-test-api\src\UseCase\SaveTask\SaveTaskUseCase.ts">
        <metrics statements="7" coveredstatements="6" conditionals="3" coveredconditionals="2" methods="2" coveredmethods="2"/>
        <line num="1" count="1" type="stmt"/>
        <line num="5" count="1" type="stmt"/>
        <line num="8" count="1" type="stmt"/>
        <line num="9" count="4" type="stmt"/>
        <line num="13" count="2" type="cond" truecount="2" falsecount="1"/>
        <line num="14" count="0" type="stmt"/>
        <line num="18" count="2" type="stmt"/>
      </file>
    </package>
  </project>
</coverage>
