{"C:\\Users\\AO PC\\Documents\\test\\test\\hdm-todo-test-api\\src\\PrismaService.ts": {"path":"C:\\Users\\AO PC\\Documents\\test\\test\\hdm-todo-test-api\\src\\PrismaService.ts","statementMap":{"0":{"start":{"line":1,"column":0},"end":{"line":1,"column":58}},"1":{"start":{"line":2,"column":0},"end":{"line":2,"column":47}},"2":{"start":{"line":3,"column":0},"end":{"line":3,"column":46}},"3":{"start":{"line":6,"column":7},"end":{"line":26,"column":null}},"4":{"start":{"line":8,"column":4},"end":{"line":20,"column":7}},"5":{"start":{"line":7,"column":31},"end":{"line":7,"column":46}},"6":{"start":{"line":24,"column":4},"end":{"line":24,"column":26}},"7":{"start":{"line":6,"column":13},"end":{"line":6,"column":26}},"8":{"start":{"line":6,"column":13},"end":{"line":26,"column":null}}},"fnMap":{"0":{"name":"(anonymous_2)","decl":{"start":{"line":7,"column":2},"end":{"line":7,"column":31}},"loc":{"start":{"line":7,"column":59},"end":{"line":21,"column":3}}},"1":{"name":"(anonymous_3)","decl":{"start":{"line":23,"column":2},"end":{"line":23,"column":7}},"loc":{"start":{"line":23,"column":20},"end":{"line":25,"column":3}}}},"branchMap":{},"s":{"0":1,"1":1,"2":1,"3":1,"4":2,"5":2,"6":2,"7":1,"8":1},"f":{"0":2,"1":2},"b":{}}
,"C:\\Users\\AO PC\\Documents\\test\\test\\hdm-todo-test-api\\src\\ServiceFactory.ts": {"path":"C:\\Users\\AO PC\\Documents\\test\\test\\hdm-todo-test-api\\src\\ServiceFactory.ts","statementMap":{"0":{"start":{"line":1,"column":0},"end":{"line":1,"column":44}},"1":{"start":{"line":3,"column":0},"end":{"line":3,"column":41}},"2":{"start":{"line":7,"column":15},"end":{"line":13,"column":null}},"3":{"start":{"line":8,"column":33},"end":{"line":8,"column":44}},"4":{"start":{"line":11,"column":4},"end":{"line":11,"column":39}},"5":{"start":{"line":7,"column":30},"end":{"line":13,"column":null}},"6":{"start":{"line":7,"column":30},"end":{"line":7,"column":null}}},"fnMap":{"0":{"name":"(anonymous_2)","decl":{"start":{"line":8,"column":2},"end":{"line":8,"column":33}},"loc":{"start":{"line":8,"column":53},"end":{"line":8,"column":57}}},"1":{"name":"(anonymous_3)","decl":{"start":{"line":10,"column":2},"end":{"line":10,"column":7}},"loc":{"start":{"line":10,"column":41},"end":{"line":12,"column":3}}}},"branchMap":{},"s":{"0":1,"1":1,"2":1,"3":2,"4":2,"5":1,"6":1},"f":{"0":2,"1":2},"b":{}}
,"C:\\Users\\AO PC\\Documents\\test\\test\\hdm-todo-test-api\\src\\Controllers\\TaskController.ts": {"path":"C:\\Users\\AO PC\\Documents\\test\\test\\hdm-todo-test-api\\src\\Controllers\\TaskController.ts","statementMap":{"0":{"start":{"line":1,"column":0},"end":{"line":1,"column":83}},"1":{"start":{"line":3,"column":0},"end":{"line":3,"column":58}},"2":{"start":{"line":4,"column":0},"end":{"line":4,"column":75}},"3":{"start":{"line":5,"column":0},"end":{"line":5,"column":58}},"4":{"start":{"line":6,"column":0},"end":{"line":6,"column":66}},"5":{"start":{"line":7,"column":0},"end":{"line":7,"column":55}},"6":{"start":{"line":10,"column":15},"end":{"line":56,"column":null}},"7":{"start":{"line":12,"column":31},"end":{"line":12,"column":47}},"8":{"start":{"line":16,"column":4},"end":{"line":16,"column":75}},"9":{"start":{"line":42,"column":4},"end":{"line":42,"column":75}},"10":{"start":{"line":49,"column":4},"end":{"line":49,"column":75}},"11":{"start":{"line":54,"column":4},"end":{"line":54,"column":77}},"12":{"start":{"line":15,"column":8},"end":{"line":17,"column":null}},"13":{"start":{"line":40,"column":8},"end":{"line":43,"column":null}},"14":{"start":{"line":47,"column":8},"end":{"line":50,"column":null}},"15":{"start":{"line":53,"column":8},"end":{"line":55,"column":null}},"16":{"start":{"line":10,"column":21},"end":{"line":56,"column":null}},"17":{"start":{"line":10,"column":21},"end":{"line":10,"column":null}}},"fnMap":{"0":{"name":"(anonymous_4)","decl":{"start":{"line":12,"column":2},"end":{"line":12,"column":31}},"loc":{"start":{"line":12,"column":61},"end":{"line":12,"column":65}}},"1":{"name":"(anonymous_5)","decl":{"start":{"line":15,"column":2},"end":{"line":15,"column":7}},"loc":{"start":{"line":15,"column":14},"end":{"line":17,"column":3}}},"2":{"name":"(anonymous_6)","decl":{"start":{"line":40,"column":2},"end":{"line":40,"column":7}},"loc":{"start":{"line":40,"column":39},"end":{"line":43,"column":3}}},"3":{"name":"(anonymous_7)","decl":{"start":{"line":47,"column":2},"end":{"line":47,"column":7}},"loc":{"start":{"line":47,"column":39},"end":{"line":50,"column":3}}},"4":{"name":"(anonymous_8)","decl":{"start":{"line":53,"column":2},"end":{"line":53,"column":7}},"loc":{"start":{"line":53,"column":38},"end":{"line":55,"column":3}}}},"branchMap":{},"s":{"0":1,"1":1,"2":1,"3":1,"4":1,"5":1,"6":1,"7":2,"8":0,"9":1,"10":1,"11":0,"12":1,"13":1,"14":1,"15":1,"16":1,"17":1},"f":{"0":2,"1":0,"2":1,"3":1,"4":0},"b":{}}
,"C:\\Users\\AO PC\\Documents\\test\\test\\hdm-todo-test-api\\src\\Repositories\\TaskRepository.ts": {"path":"C:\\Users\\AO PC\\Documents\\test\\test\\hdm-todo-test-api\\src\\Repositories\\TaskRepository.ts","statementMap":{"0":{"start":{"line":1,"column":0},"end":{"line":1,"column":44}},"1":{"start":{"line":2,"column":0},"end":{"line":2,"column":49}},"2":{"start":{"line":6,"column":15},"end":{"line":47,"column":null}},"3":{"start":{"line":7,"column":31},"end":{"line":7,"column":39}},"4":{"start":{"line":10,"column":4},"end":{"line":10,"column":39}},"5":{"start":{"line":14,"column":4},"end":{"line":14,"column":45}},"6":{"start":{"line":15,"column":4},"end":{"line":17,"column":7}},"7":{"start":{"line":21,"column":4},"end":{"line":45,"column":5}},"8":{"start":{"line":23,"column":6},"end":{"line":23,"column":52}},"9":{"start":{"line":24,"column":6},"end":{"line":28,"column":9}},"10":{"start":{"line":31,"column":27},"end":{"line":31,"column":88}},"11":{"start":{"line":33,"column":6},"end":{"line":35,"column":7}},"12":{"start":{"line":34,"column":8},"end":{"line":34,"column":61}},"13":{"start":{"line":38,"column":6},"end":{"line":38,"column":52}},"14":{"start":{"line":39,"column":6},"end":{"line":44,"column":9}},"15":{"start":{"line":6,"column":21},"end":{"line":47,"column":null}},"16":{"start":{"line":6,"column":21},"end":{"line":6,"column":null}}},"fnMap":{"0":{"name":"(anonymous_2)","decl":{"start":{"line":7,"column":2},"end":{"line":7,"column":31}},"loc":{"start":{"line":7,"column":52},"end":{"line":7,"column":56}}},"1":{"name":"(anonymous_3)","decl":{"start":{"line":9,"column":2},"end":{"line":9,"column":7}},"loc":{"start":{"line":9,"column":15},"end":{"line":11,"column":3}}},"2":{"name":"(anonymous_4)","decl":{"start":{"line":13,"column":2},"end":{"line":13,"column":7}},"loc":{"start":{"line":13,"column":25},"end":{"line":18,"column":3}}},"3":{"name":"(anonymous_5)","decl":{"start":{"line":20,"column":2},"end":{"line":20,"column":7}},"loc":{"start":{"line":20,"column":32},"end":{"line":46,"column":3}}}},"branchMap":{"0":{"loc":{"start":{"line":21,"column":4},"end":{"line":45,"column":5}},"type":"if","locations":[{"start":{"line":21,"column":4},"end":{"line":45,"column":5}},{"start":{"line":29,"column":11},"end":{"line":45,"column":5}}]},"1":{"loc":{"start":{"line":26,"column":16},"end":{"line":26,"column":31}},"type":"binary-expr","locations":[{"start":{"line":26,"column":16},"end":{"line":26,"column":25}},{"start":{"line":26,"column":29},"end":{"line":26,"column":31}}]},"2":{"loc":{"start":{"line":33,"column":6},"end":{"line":35,"column":7}},"type":"if","locations":[{"start":{"line":33,"column":6},"end":{"line":35,"column":7}}]},"3":{"loc":{"start":{"line":42,"column":16},"end":{"line":42,"column":46}},"type":"binary-expr","locations":[{"start":{"line":42,"column":16},"end":{"line":42,"column":25}},{"start":{"line":42,"column":29},"end":{"line":42,"column":46}}]}},"s":{"0":1,"1":1,"2":1,"3":2,"4":0,"5":0,"6":0,"7":3,"8":3,"9":3,"10":0,"11":0,"12":0,"13":0,"14":0,"15":1,"16":1},"f":{"0":2,"1":0,"2":0,"3":3},"b":{"0":[3,0],"1":[3,0],"2":[0],"3":[0,0]}}
,"C:\\Users\\AO PC\\Documents\\test\\test\\hdm-todo-test-api\\src\\UseCase\\UseCaseFactory.ts": {"path":"C:\\Users\\AO PC\\Documents\\test\\test\\hdm-todo-test-api\\src\\UseCase\\UseCaseFactory.ts","statementMap":{"0":{"start":{"line":1,"column":0},"end":{"line":1,"column":44}},"1":{"start":{"line":2,"column":0},"end":{"line":2,"column":47}},"2":{"start":{"line":11,"column":15},"end":{"line":11,"column":null}},"3":{"start":{"line":11,"column":21},"end":{"line":11,"column":null}},"4":{"start":{"line":11,"column":21},"end":{"line":11,"column":36}}},"fnMap":{},"branchMap":{},"s":{"0":1,"1":1,"2":1,"3":1,"4":1},"f":{},"b":{}}
,"C:\\Users\\AO PC\\Documents\\test\\test\\hdm-todo-test-api\\src\\UseCase\\DeleteTask\\DeleteTask.ts": {"path":"C:\\Users\\AO PC\\Documents\\test\\test\\hdm-todo-test-api\\src\\UseCase\\DeleteTask\\DeleteTask.ts","statementMap":{"0":{"start":{"line":1,"column":0},"end":{"line":1,"column":65}},"1":{"start":{"line":3,"column":0},"end":{"line":3,"column":63}},"2":{"start":{"line":6,"column":15},"end":{"line":20,"column":null}},"3":{"start":{"line":9,"column":31},"end":{"line":9,"column":47}},"4":{"start":{"line":12,"column":4},"end":{"line":18,"column":5}},"5":{"start":{"line":13,"column":6},"end":{"line":13,"column":43}},"6":{"start":{"line":15,"column":6},"end":{"line":15,"column":18}},"7":{"start":{"line":17,"column":6},"end":{"line":17,"column":51}},"8":{"start":{"line":6,"column":21},"end":{"line":20,"column":null}},"9":{"start":{"line":6,"column":21},"end":{"line":6,"column":null}}},"fnMap":{"0":{"name":"(anonymous_2)","decl":{"start":{"line":9,"column":2},"end":{"line":9,"column":31}},"loc":{"start":{"line":9,"column":61},"end":{"line":9,"column":65}}},"1":{"name":"(anonymous_3)","decl":{"start":{"line":11,"column":2},"end":{"line":11,"column":7}},"loc":{"start":{"line":11,"column":25},"end":{"line":19,"column":3}}}},"branchMap":{},"s":{"0":1,"1":1,"2":1,"3":0,"4":0,"5":0,"6":0,"7":0,"8":1,"9":1},"f":{"0":0,"1":0},"b":{}}
,"C:\\Users\\AO PC\\Documents\\test\\test\\hdm-todo-test-api\\src\\UseCase\\GetAllTasks\\GetAllTasksUseCase.ts": {"path":"C:\\Users\\AO PC\\Documents\\test\\test\\hdm-todo-test-api\\src\\UseCase\\GetAllTasks\\GetAllTasksUseCase.ts","statementMap":{"0":{"start":{"line":1,"column":0},"end":{"line":1,"column":65}},"1":{"start":{"line":4,"column":0},"end":{"line":4,"column":63}},"2":{"start":{"line":7,"column":15},"end":{"line":19,"column":null}},"3":{"start":{"line":10,"column":31},"end":{"line":10,"column":47}},"4":{"start":{"line":13,"column":4},"end":{"line":17,"column":5}},"5":{"start":{"line":14,"column":6},"end":{"line":14,"column":43}},"6":{"start":{"line":16,"column":6},"end":{"line":16,"column":51}},"7":{"start":{"line":7,"column":21},"end":{"line":19,"column":null}},"8":{"start":{"line":7,"column":21},"end":{"line":7,"column":null}}},"fnMap":{"0":{"name":"(anonymous_2)","decl":{"start":{"line":10,"column":2},"end":{"line":10,"column":31}},"loc":{"start":{"line":10,"column":61},"end":{"line":10,"column":65}}},"1":{"name":"(anonymous_3)","decl":{"start":{"line":12,"column":2},"end":{"line":12,"column":7}},"loc":{"start":{"line":12,"column":14},"end":{"line":18,"column":3}}}},"branchMap":{},"s":{"0":1,"1":1,"2":1,"3":0,"4":0,"5":0,"6":0,"7":1,"8":1},"f":{"0":0,"1":0},"b":{}}
,"C:\\Users\\AO PC\\Documents\\test\\test\\hdm-todo-test-api\\src\\UseCase\\SaveTask\\SaveTaskDto.ts": {"path":"C:\\Users\\AO PC\\Documents\\test\\test\\hdm-todo-test-api\\src\\UseCase\\SaveTask\\SaveTaskDto.ts","statementMap":{"0":{"start":{"line":3,"column":2},"end":{"line":3,"column":20}},"1":{"start":{"line":1,"column":0},"end":{"line":1,"column":21}}},"fnMap":{"0":{"name":"(anonymous_0)","decl":{"start":{"line":1,"column":0},"end":{"line":1,"column":21}},"loc":{"start":{"line":1,"column":0},"end":{"line":4,"column":1}}}},"branchMap":{},"s":{"0":0,"1":1},"f":{"0":0},"b":{}}
,"C:\\Users\\AO PC\\Documents\\test\\test\\hdm-todo-test-api\\src\\UseCase\\SaveTask\\SaveTaskUseCase.ts": {"path":"C:\\Users\\AO PC\\Documents\\test\\test\\hdm-todo-test-api\\src\\UseCase\\SaveTask\\SaveTaskUseCase.ts","statementMap":{"0":{"start":{"line":1,"column":0},"end":{"line":1,"column":65}},"1":{"start":{"line":5,"column":0},"end":{"line":5,"column":63}},"2":{"start":{"line":8,"column":15},"end":{"line":20,"column":null}},"3":{"start":{"line":9,"column":31},"end":{"line":9,"column":47}},"4":{"start":{"line":13,"column":4},"end":{"line":15,"column":5}},"5":{"start":{"line":14,"column":6},"end":{"line":14,"column":61}},"6":{"start":{"line":18,"column":4},"end":{"line":18,"column":41}},"7":{"start":{"line":8,"column":21},"end":{"line":20,"column":null}},"8":{"start":{"line":8,"column":21},"end":{"line":8,"column":null}}},"fnMap":{"0":{"name":"(anonymous_2)","decl":{"start":{"line":9,"column":2},"end":{"line":9,"column":31}},"loc":{"start":{"line":9,"column":61},"end":{"line":9,"column":65}}},"1":{"name":"(anonymous_3)","decl":{"start":{"line":11,"column":2},"end":{"line":11,"column":7}},"loc":{"start":{"line":11,"column":31},"end":{"line":19,"column":3}}}},"branchMap":{"0":{"loc":{"start":{"line":13,"column":4},"end":{"line":15,"column":5}},"type":"if","locations":[{"start":{"line":13,"column":4},"end":{"line":15,"column":5}}]},"1":{"loc":{"start":{"line":13,"column":8},"end":{"line":13,"column":43}},"type":"binary-expr","locations":[{"start":{"line":13,"column":8},"end":{"line":13,"column":17}},{"start":{"line":13,"column":21},"end":{"line":13,"column":43}}]}},"s":{"0":1,"1":1,"2":1,"3":4,"4":2,"5":0,"6":2,"7":1,"8":1},"f":{"0":4,"1":2},"b":{"0":[0],"1":[2,2]}}
}
